2015-09-25 08:29:56,795:795.044898987 - ubuntu_sso.utils.translation - WARNING - Translations not found, using null translator.
2015-09-25 08:29:56,914:914.792060852 - ubuntu_sso.main - INFO - Setting up Ubuntu SSO service.
2015-09-25 08:29:57,004:4.74500656128 - ubuntu_sso.main - INFO - Ubuntu SSO service started.
2015-09-25 08:29:57,004:4.87089157104 - ubuntu_sso.account - INFO - Creating a new SSO access layer for service url u'https://login.ubuntu.com/api/1.0/'
2015-09-25 08:29:57,023:23.3099460602 - ubuntu_sso.credentials - INFO - find_credentials: self.app_name dbus.String(u'Ubuntu One'), result is {}? True
2015-09-25 08:29:57,023:23.4260559082 - ubuntu_sso.main - INFO - 'CredentialsManagement': emitting 'CredentialsNotFound' with args (dbus.String(u'Ubuntu One'),) and kwargs {}
2015-09-25 08:30:07,036:36.7040634155 - ubuntu_sso.main - INFO - Shutting down, calling <function shutdown_func at 0x7f7bfbfb0668>.
2015-09-25 08:36:44,734:734.504938126 - ubuntu_sso.utils.translation - WARNING - Translations not found, using null translator.
2015-09-25 08:36:44,861:861.89699173 - ubuntu_sso.main - INFO - Setting up Ubuntu SSO service.
2015-09-25 08:36:44,932:932.456970215 - ubuntu_sso.main - INFO - Ubuntu SSO service started.
2015-09-25 08:36:44,932:932.583093643 - ubuntu_sso.account - INFO - Creating a new SSO access layer for service url u'https://login.ubuntu.com/api/1.0/'
2015-09-25 08:36:44,951:951.299905777 - ubuntu_sso.credentials - INFO - find_credentials: self.app_name dbus.String(u'Ubuntu One'), result is {}? True
2015-09-25 08:36:44,951:951.431035995 - ubuntu_sso.main - INFO - 'CredentialsManagement': emitting 'CredentialsNotFound' with args (dbus.String(u'Ubuntu One'),) and kwargs {}
2015-09-25 08:36:54,570:570.750951767 - ubuntu_sso.credentials - INFO - find_credentials: self.app_name dbus.String(u'Ubuntu One'), result is {}? True
2015-09-25 08:36:54,571:571.126937866 - ubuntu_sso.main - INFO - 'CredentialsManagement': emitting 'CredentialsNotFound' with args (dbus.String(u'Ubuntu One'),) and kwargs {}
2015-09-25 08:36:54,970:970.145940781 - ubuntu_sso.main - INFO - Shutting down, calling <function shutdown_func at 0x7f71d58c0410>.
2015-09-25 08:39:38,211:211.266994476 - ubuntu_sso.utils.translation - WARNING - Translations not found, using null translator.
2015-09-25 08:39:38,221:221.662044525 - ubuntu_sso.main - INFO - Setting up Ubuntu SSO service.
2015-09-25 08:39:38,224:224.884986877 - ubuntu_sso.main - INFO - Ubuntu SSO service started.
2015-09-25 08:39:38,225:225.038051605 - ubuntu_sso.account - INFO - Creating a new SSO access layer for service url u'https://login.ubuntu.com/api/1.0/'
2015-09-25 08:39:38,230:230.799913406 - ubuntu_sso.credentials - INFO - find_credentials: self.app_name dbus.String(u'Ubuntu One'), result is {}? True
2015-09-25 08:39:38,230:230.935096741 - ubuntu_sso.main - INFO - 'CredentialsManagement': emitting 'CredentialsNotFound' with args (dbus.String(u'Ubuntu One'),) and kwargs {}
2015-09-25 08:39:48,234:234.78102684 - ubuntu_sso.main - INFO - Shutting down, calling <function shutdown_func at 0x7fd32e564410>.
2015-10-01 14:27:04,903:903.557062149 - ubuntu_sso.utils.translation - WARNING - Translations not found, using null translator.
2015-10-01 14:27:05,082:82.0150375366 - ubuntu_sso.main - INFO - Setting up Ubuntu SSO service.
2015-10-01 14:27:05,161:161.099910736 - ubuntu_sso.main - INFO - Ubuntu SSO service started.
2015-10-01 14:27:05,161:161.218881607 - ubuntu_sso.account - INFO - Creating a new SSO access layer for service url u'https://login.ubuntu.com/api/1.0/'
2015-10-01 14:27:05,182:182.713985443 - ubuntu_sso.credentials - INFO - find_credentials: self.app_name dbus.String(u'Ubuntu One'), result is {}? True
2015-10-01 14:27:05,182:182.845115662 - ubuntu_sso.main - INFO - 'CredentialsManagement': emitting 'CredentialsNotFound' with args (dbus.String(u'Ubuntu One'),) and kwargs {}
2015-10-01 14:27:15,208:208.350896835 - ubuntu_sso.main - INFO - Shutting down, calling <function shutdown_func at 0x7fe87a993410>.
2015-10-01 14:32:05,392:392.848014832 - ubuntu_sso.utils.translation - WARNING - Translations not found, using null translator.
2015-10-01 14:32:05,403:403.789997101 - ubuntu_sso.main - INFO - Setting up Ubuntu SSO service.
2015-10-01 14:32:05,407:407.046079636 - ubuntu_sso.main - INFO - Ubuntu SSO service started.
2015-10-01 14:32:05,407:407.18793869 - ubuntu_sso.account - INFO - Creating a new SSO access layer for service url u'https://login.ubuntu.com/api/1.0/'
2015-10-01 14:32:05,415:415.620088577 - ubuntu_sso.credentials - INFO - find_credentials: self.app_name dbus.String(u'Ubuntu One'), result is {}? True
2015-10-01 14:32:05,415:415.781974792 - ubuntu_sso.main - INFO - 'CredentialsManagement': emitting 'CredentialsNotFound' with args (dbus.String(u'Ubuntu One'),) and kwargs {}
2015-10-01 14:32:15,424:424.999952316 - ubuntu_sso.main - INFO - Shutting down, calling <function shutdown_func at 0x7f2ad7c39410>.
2015-10-01 14:45:04,425:425.034046173 - ubuntu_sso.utils.translation - WARNING - Translations not found, using null translator.
2015-10-01 14:45:04,484:484.837055206 - ubuntu_sso.main - INFO - Setting up Ubuntu SSO service.
2015-10-01 14:45:04,537:537.197113037 - ubuntu_sso.main - INFO - Ubuntu SSO service started.
2015-10-01 14:45:04,537:537.344932556 - ubuntu_sso.account - INFO - Creating a new SSO access layer for service url u'https://login.ubuntu.com/api/1.0/'
2015-10-01 14:45:04,542:542.922973633 - ubuntu_sso.credentials - INFO - find_credentials: self.app_name dbus.String(u'Ubuntu One'), result is {}? True
2015-10-01 14:45:04,543:543.05100441 - ubuntu_sso.main - INFO - 'CredentialsManagement': emitting 'CredentialsNotFound' with args (dbus.String(u'Ubuntu One'),) and kwargs {}
2015-10-01 14:45:14,552:552.337884903 - ubuntu_sso.main - INFO - Shutting down, calling <function shutdown_func at 0x7fcbb5809410>.
2015-10-01 14:50:05,376:376.807928085 - ubuntu_sso.utils.translation - WARNING - Translations not found, using null translator.
2015-10-01 14:50:05,387:387.35294342 - ubuntu_sso.main - INFO - Setting up Ubuntu SSO service.
2015-10-01 14:50:05,390:390.418052673 - ubuntu_sso.main - INFO - Ubuntu SSO service started.
2015-10-01 14:50:05,390:390.549898148 - ubuntu_sso.account - INFO - Creating a new SSO access layer for service url u'https://login.ubuntu.com/api/1.0/'
2015-10-01 14:50:05,396:396.462917328 - ubuntu_sso.credentials - INFO - find_credentials: self.app_name dbus.String(u'Ubuntu One'), result is {}? True
2015-10-01 14:50:05,396:396.639108658 - ubuntu_sso.main - INFO - 'CredentialsManagement': emitting 'CredentialsNotFound' with args (dbus.String(u'Ubuntu One'),) and kwargs {}
2015-10-01 14:50:15,397:397.737979889 - ubuntu_sso.main - INFO - Shutting down, calling <function shutdown_func at 0x7f8ec0b47410>.
2015-10-01 14:55:05,377:377.022981644 - ubuntu_sso.utils.translation - WARNING - Translations not found, using null translator.
2015-10-01 14:55:05,387:387.321949005 - ubuntu_sso.main - INFO - Setting up Ubuntu SSO service.
2015-10-01 14:55:05,390:390.124082565 - ubuntu_sso.main - INFO - Ubuntu SSO service started.
2015-10-01 14:55:05,390:390.2759552 - ubuntu_sso.account - INFO - Creating a new SSO access layer for service url u'https://login.ubuntu.com/api/1.0/'
2015-10-01 14:55:05,396:396.203994751 - ubuntu_sso.credentials - INFO - find_credentials: self.app_name dbus.String(u'Ubuntu One'), result is {}? True
2015-10-01 14:55:05,396:396.327018738 - ubuntu_sso.main - INFO - 'CredentialsManagement': emitting 'CredentialsNotFound' with args (dbus.String(u'Ubuntu One'),) and kwargs {}
2015-10-01 14:55:15,404:404.653072357 - ubuntu_sso.main - INFO - Shutting down, calling <function shutdown_func at 0x7f0b43290410>.
2015-10-01 17:41:00,315:315.265893936 - ubuntu_sso.utils.translation - WARNING - Translations not found, using null translator.
2015-10-01 17:41:00,476:476.381063461 - ubuntu_sso.main - INFO - Setting up Ubuntu SSO service.
2015-10-01 17:41:00,564:564.146995544 - ubuntu_sso.main - INFO - Ubuntu SSO service started.
2015-10-01 17:41:00,564:564.282894135 - ubuntu_sso.account - INFO - Creating a new SSO access layer for service url u'https://login.ubuntu.com/api/1.0/'
2015-10-01 17:41:00,584:584.275007248 - ubuntu_sso.credentials - INFO - find_credentials: self.app_name dbus.String(u'Ubuntu One'), result is {}? True
2015-10-01 17:41:00,584:584.391117096 - ubuntu_sso.main - INFO - 'CredentialsManagement': emitting 'CredentialsNotFound' with args (dbus.String(u'Ubuntu One'),) and kwargs {}
2015-10-01 17:41:10,602:602.447032928 - ubuntu_sso.main - INFO - Shutting down, calling <function shutdown_func at 0x7fec994d0410>.
2015-10-01 17:46:00,756:756.292104721 - ubuntu_sso.utils.translation - WARNING - Translations not found, using null translator.
2015-10-01 17:46:00,767:767.004966736 - ubuntu_sso.main - INFO - Setting up Ubuntu SSO service.
2015-10-01 17:46:00,770:770.030975342 - ubuntu_sso.main - INFO - Ubuntu SSO service started.
2015-10-01 17:46:00,770:770.153999329 - ubuntu_sso.account - INFO - Creating a new SSO access layer for service url u'https://login.ubuntu.com/api/1.0/'
2015-10-01 17:46:00,775:775.625944138 - ubuntu_sso.credentials - INFO - find_credentials: self.app_name dbus.String(u'Ubuntu One'), result is {}? True
2015-10-01 17:46:00,775:775.75802803 - ubuntu_sso.main - INFO - 'CredentialsManagement': emitting 'CredentialsNotFound' with args (dbus.String(u'Ubuntu One'),) and kwargs {}
2015-10-01 17:46:10,783:783.65111351 - ubuntu_sso.main - INFO - Shutting down, calling <function shutdown_func at 0x7fe7b2c4d410>.
2015-10-01 19:23:01,351:351.134061813 - ubuntu_sso.utils.translation - WARNING - Translations not found, using null translator.
2015-10-01 19:23:01,528:528.683900833 - ubuntu_sso.main - INFO - Setting up Ubuntu SSO service.
2015-10-01 19:23:01,670:670.401096344 - ubuntu_sso.main - INFO - Ubuntu SSO service started.
2015-10-01 19:23:01,670:670.526027679 - ubuntu_sso.account - INFO - Creating a new SSO access layer for service url u'https://login.ubuntu.com/api/1.0/'
2015-10-01 19:23:01,729:729.258060455 - ubuntu_sso.credentials - INFO - find_credentials: self.app_name dbus.String(u'Ubuntu One'), result is {}? True
2015-10-01 19:23:01,729:729.396104813 - ubuntu_sso.main - INFO - 'CredentialsManagement': emitting 'CredentialsNotFound' with args (dbus.String(u'Ubuntu One'),) and kwargs {}
2015-10-01 19:23:11,746:746.381044388 - ubuntu_sso.main - INFO - Shutting down, calling <function shutdown_func at 0x7fbb64e23410>.
2015-10-01 19:28:01,767:767.451047897 - ubuntu_sso.utils.translation - WARNING - Translations not found, using null translator.
2015-10-01 19:28:01,781:781.105995178 - ubuntu_sso.main - INFO - Setting up Ubuntu SSO service.
2015-10-01 19:28:01,784:784.034013748 - ubuntu_sso.main - INFO - Ubuntu SSO service started.
2015-10-01 19:28:01,784:784.187078476 - ubuntu_sso.account - INFO - Creating a new SSO access layer for service url u'https://login.ubuntu.com/api/1.0/'
2015-10-01 19:28:01,791:791.229009628 - ubuntu_sso.credentials - INFO - find_credentials: self.app_name dbus.String(u'Ubuntu One'), result is {}? True
2015-10-01 19:28:01,791:791.377067566 - ubuntu_sso.main - INFO - 'CredentialsManagement': emitting 'CredentialsNotFound' with args (dbus.String(u'Ubuntu One'),) and kwargs {}
2015-10-01 19:28:11,792:792.355060577 - ubuntu_sso.main - INFO - Shutting down, calling <function shutdown_func at 0x7f18f50d6410>.
2015-10-01 22:11:15,263:263.40508461 - ubuntu_sso.utils.translation - WARNING - Translations not found, using null translator.
2015-10-01 22:11:15,441:441.348075867 - ubuntu_sso.main - INFO - Setting up Ubuntu SSO service.
2015-10-01 22:11:15,521:521.785020828 - ubuntu_sso.main - INFO - Ubuntu SSO service started.
2015-10-01 22:11:15,521:521.893024445 - ubuntu_sso.account - INFO - Creating a new SSO access layer for service url u'https://login.ubuntu.com/api/1.0/'
2015-10-01 22:11:15,541:541.886091232 - ubuntu_sso.credentials - INFO - find_credentials: self.app_name dbus.String(u'Ubuntu One'), result is {}? True
2015-10-01 22:11:15,541:541.995048523 - ubuntu_sso.main - INFO - 'CredentialsManagement': emitting 'CredentialsNotFound' with args (dbus.String(u'Ubuntu One'),) and kwargs {}
2015-10-01 22:11:25,559:559.020996094 - ubuntu_sso.main - INFO - Shutting down, calling <function shutdown_func at 0x7f9e85f8f410>.
2015-10-01 22:45:18,110:110.651016235 - ubuntu_sso.utils.translation - WARNING - Translations not found, using null translator.
2015-10-01 22:45:18,273:273.430109024 - ubuntu_sso.main - INFO - Setting up Ubuntu SSO service.
2015-10-01 22:45:18,353:353.812932968 - ubuntu_sso.main - INFO - Ubuntu SSO service started.
2015-10-01 22:45:18,353:353.940010071 - ubuntu_sso.account - INFO - Creating a new SSO access layer for service url u'https://login.ubuntu.com/api/1.0/'
2015-10-01 22:45:18,472:472.42307663 - ubuntu_sso.credentials - INFO - find_credentials: self.app_name dbus.String(u'Ubuntu One'), result is {}? True
2015-10-01 22:45:18,472:472.553014755 - ubuntu_sso.main - INFO - 'CredentialsManagement': emitting 'CredentialsNotFound' with args (dbus.String(u'Ubuntu One'),) and kwargs {}
2015-10-01 22:45:28,488:488.146066666 - ubuntu_sso.main - INFO - Shutting down, calling <function shutdown_func at 0x7f0f88284410>.
2015-10-01 22:50:18,514:514.539003372 - ubuntu_sso.utils.translation - WARNING - Translations not found, using null translator.
2015-10-01 22:50:18,524:524.740934372 - ubuntu_sso.main - INFO - Setting up Ubuntu SSO service.
2015-10-01 22:50:18,527:527.297019958 - ubuntu_sso.main - INFO - Ubuntu SSO service started.
2015-10-01 22:50:18,527:527.415037155 - ubuntu_sso.account - INFO - Creating a new SSO access layer for service url u'https://login.ubuntu.com/api/1.0/'
2015-10-01 22:50:18,532:532.855987549 - ubuntu_sso.credentials - INFO - find_credentials: self.app_name dbus.String(u'Ubuntu One'), result is {}? True
2015-10-01 22:50:18,532:532.963037491 - ubuntu_sso.main - INFO - 'CredentialsManagement': emitting 'CredentialsNotFound' with args (dbus.String(u'Ubuntu One'),) and kwargs {}
2015-10-01 22:50:28,542:542.319059372 - ubuntu_sso.main - INFO - Shutting down, calling <function shutdown_func at 0x7fc89ee97410>.
2015-10-01 22:57:17,514:514.983892441 - ubuntu_sso.utils.translation - WARNING - Translations not found, using null translator.
2015-10-01 22:57:17,524:524.912118912 - ubuntu_sso.main - INFO - Setting up Ubuntu SSO service.
2015-10-01 22:57:17,527:527.565002441 - ubuntu_sso.main - INFO - Ubuntu SSO service started.
2015-10-01 22:57:17,527:527.666091919 - ubuntu_sso.account - INFO - Creating a new SSO access layer for service url u'https://login.ubuntu.com/api/1.0/'
2015-10-01 22:57:17,533:533.351898193 - ubuntu_sso.credentials - INFO - find_credentials: self.app_name dbus.String(u'Ubuntu One'), result is {}? True
2015-10-01 22:57:17,533:533.463001251 - ubuntu_sso.main - INFO - 'CredentialsManagement': emitting 'CredentialsNotFound' with args (dbus.String(u'Ubuntu One'),) and kwargs {}
2015-10-01 22:57:27,542:542.833089828 - ubuntu_sso.main - INFO - Shutting down, calling <function shutdown_func at 0x7f38ada65410>.
2015-10-01 23:02:17,504:504.698991776 - ubuntu_sso.utils.translation - WARNING - Translations not found, using null translator.
2015-10-01 23:02:17,514:514.628887177 - ubuntu_sso.main - INFO - Setting up Ubuntu SSO service.
2015-10-01 23:02:17,517:517.266988754 - ubuntu_sso.main - INFO - Ubuntu SSO service started.
2015-10-01 23:02:17,517:517.373085022 - ubuntu_sso.account - INFO - Creating a new SSO access layer for service url u'https://login.ubuntu.com/api/1.0/'
2015-10-01 23:02:17,522:522.767066956 - ubuntu_sso.credentials - INFO - find_credentials: self.app_name dbus.String(u'Ubuntu One'), result is {}? True
2015-10-01 23:02:17,522:522.882938385 - ubuntu_sso.main - INFO - 'CredentialsManagement': emitting 'CredentialsNotFound' with args (dbus.String(u'Ubuntu One'),) and kwargs {}
2015-10-01 23:02:27,532:532.259941101 - ubuntu_sso.main - INFO - Shutting down, calling <function shutdown_func at 0x7fa43e3d3410>.
2015-10-01 23:07:17,517:517.211914062 - ubuntu_sso.utils.translation - WARNING - Translations not found, using null translator.
2015-10-01 23:07:17,527:527.275085449 - ubuntu_sso.main - INFO - Setting up Ubuntu SSO service.
2015-10-01 23:07:17,529:529.930114746 - ubuntu_sso.main - INFO - Ubuntu SSO service started.
2015-10-01 23:07:17,530:530.055999756 - ubuntu_sso.account - INFO - Creating a new SSO access layer for service url u'https://login.ubuntu.com/api/1.0/'
2015-10-01 23:07:17,535:535.799980164 - ubuntu_sso.credentials - INFO - find_credentials: self.app_name dbus.String(u'Ubuntu One'), result is {}? True
2015-10-01 23:07:17,535:535.906076431 - ubuntu_sso.main - INFO - 'CredentialsManagement': emitting 'CredentialsNotFound' with args (dbus.String(u'Ubuntu One'),) and kwargs {}
2015-10-01 23:07:27,545:545.277118683 - ubuntu_sso.main - INFO - Shutting down, calling <function shutdown_func at 0x7f27532db410>.
2015-10-01 23:12:17,516:516.048908234 - ubuntu_sso.utils.translation - WARNING - Translations not found, using null translator.
2015-10-01 23:12:17,526:526.045084 - ubuntu_sso.main - INFO - Setting up Ubuntu SSO service.
2015-10-01 23:12:17,528:528.64408493 - ubuntu_sso.main - INFO - Ubuntu SSO service started.
2015-10-01 23:12:17,528:528.752088547 - ubuntu_sso.account - INFO - Creating a new SSO access layer for service url u'https://login.ubuntu.com/api/1.0/'
2015-10-01 23:12:17,534:534.427881241 - ubuntu_sso.credentials - INFO - find_credentials: self.app_name dbus.String(u'Ubuntu One'), result is {}? True
2015-10-01 23:12:17,534:534.553050995 - ubuntu_sso.main - INFO - 'CredentialsManagement': emitting 'CredentialsNotFound' with args (dbus.String(u'Ubuntu One'),) and kwargs {}
2015-10-01 23:12:27,543:543.948888779 - ubuntu_sso.main - INFO - Shutting down, calling <function shutdown_func at 0x7fe6d003d410>.
2015-10-02 00:24:17,513:513.85307312 - ubuntu_sso.utils.translation - WARNING - Translations not found, using null translator.
2015-10-02 00:24:17,523:523.780107498 - ubuntu_sso.main - INFO - Setting up Ubuntu SSO service.
2015-10-02 00:24:17,526:526.194095612 - ubuntu_sso.main - INFO - Ubuntu SSO service started.
2015-10-02 00:24:17,526:526.299953461 - ubuntu_sso.account - INFO - Creating a new SSO access layer for service url u'https://login.ubuntu.com/api/1.0/'
2015-10-02 00:24:17,531:531.538009644 - ubuntu_sso.credentials - INFO - find_credentials: self.app_name dbus.String(u'Ubuntu One'), result is {}? True
2015-10-02 00:24:17,531:531.640052795 - ubuntu_sso.main - INFO - 'CredentialsManagement': emitting 'CredentialsNotFound' with args (dbus.String(u'Ubuntu One'),) and kwargs {}
2015-10-02 00:24:27,540:540.997028351 - ubuntu_sso.main - INFO - Shutting down, calling <function shutdown_func at 0x7f4f9bfdb410>.
2015-10-02 00:29:17,517:517.31801033 - ubuntu_sso.utils.translation - WARNING - Translations not found, using null translator.
2015-10-02 00:29:17,527:527.148008347 - ubuntu_sso.main - INFO - Setting up Ubuntu SSO service.
2015-10-02 00:29:17,529:529.946088791 - ubuntu_sso.main - INFO - Ubuntu SSO service started.
2015-10-02 00:29:17,530:530.077934265 - ubuntu_sso.account - INFO - Creating a new SSO access layer for service url u'https://login.ubuntu.com/api/1.0/'
2015-10-02 00:29:17,535:535.031080246 - ubuntu_sso.credentials - INFO - find_credentials: self.app_name dbus.String(u'Ubuntu One'), result is {}? True
2015-10-02 00:29:17,535:535.135984421 - ubuntu_sso.main - INFO - 'CredentialsManagement': emitting 'CredentialsNotFound' with args (dbus.String(u'Ubuntu One'),) and kwargs {}
2015-10-02 00:29:27,544:544.497966766 - ubuntu_sso.main - INFO - Shutting down, calling <function shutdown_func at 0x7f79b207c410>.
2015-10-02 00:34:17,516:516.274929047 - ubuntu_sso.utils.translation - WARNING - Translations not found, using null translator.
2015-10-02 00:34:17,526:526.151895523 - ubuntu_sso.main - INFO - Setting up Ubuntu SSO service.
2015-10-02 00:34:17,528:528.712034225 - ubuntu_sso.main - INFO - Ubuntu SSO service started.
2015-10-02 00:34:17,528:528.820991516 - ubuntu_sso.account - INFO - Creating a new SSO access layer for service url u'https://login.ubuntu.com/api/1.0/'
2015-10-02 00:34:17,534:534.456968307 - ubuntu_sso.credentials - INFO - find_credentials: self.app_name dbus.String(u'Ubuntu One'), result is {}? True
2015-10-02 00:34:17,534:534.57903862 - ubuntu_sso.main - INFO - 'CredentialsManagement': emitting 'CredentialsNotFound' with args (dbus.String(u'Ubuntu One'),) and kwargs {}
2015-10-02 00:34:27,543:543.986082077 - ubuntu_sso.main - INFO - Shutting down, calling <function shutdown_func at 0x7fb575e83410>.
2015-10-02 08:00:20,786:786.602020264 - ubuntu_sso.utils.translation - WARNING - Translations not found, using null translator.
2015-10-02 08:00:20,928:928.881883621 - ubuntu_sso.main - INFO - Setting up Ubuntu SSO service.
2015-10-02 08:00:21,059:59.4530105591 - ubuntu_sso.main - INFO - Ubuntu SSO service started.
2015-10-02 08:00:21,059:59.6098899841 - ubuntu_sso.account - INFO - Creating a new SSO access layer for service url u'https://login.ubuntu.com/api/1.0/'
2015-10-02 08:00:21,173:173.830986023 - ubuntu_sso.credentials - INFO - find_credentials: self.app_name dbus.String(u'Ubuntu One'), result is {}? True
2015-10-02 08:00:21,173:173.984050751 - ubuntu_sso.main - INFO - 'CredentialsManagement': emitting 'CredentialsNotFound' with args (dbus.String(u'Ubuntu One'),) and kwargs {}
2015-10-02 08:00:31,200:200.185060501 - ubuntu_sso.main - INFO - Shutting down, calling <function shutdown_func at 0x7f2b36ead410>.
2015-10-02 08:05:21,557:557.89399147 - ubuntu_sso.utils.translation - WARNING - Translations not found, using null translator.
2015-10-02 08:05:21,573:573.854923248 - ubuntu_sso.main - INFO - Setting up Ubuntu SSO service.
2015-10-02 08:05:21,578:578.911066055 - ubuntu_sso.main - INFO - Ubuntu SSO service started.
2015-10-02 08:05:21,579:579.04791832 - ubuntu_sso.account - INFO - Creating a new SSO access layer for service url u'https://login.ubuntu.com/api/1.0/'
2015-10-02 08:05:21,586:586.462020874 - ubuntu_sso.credentials - INFO - find_credentials: self.app_name dbus.String(u'Ubuntu One'), result is {}? True
2015-10-02 08:05:21,586:586.636066437 - ubuntu_sso.main - INFO - 'CredentialsManagement': emitting 'CredentialsNotFound' with args (dbus.String(u'Ubuntu One'),) and kwargs {}
2015-10-02 08:05:31,596:596.220016479 - ubuntu_sso.main - INFO - Shutting down, calling <function shutdown_func at 0x7f450edea410>.
2015-10-03 08:00:58,770:770.220994949 - ubuntu_sso.utils.translation - WARNING - Translations not found, using null translator.
2015-10-03 08:00:58,923:923.701047897 - ubuntu_sso.main - INFO - Setting up Ubuntu SSO service.
2015-10-03 08:00:59,028:28.6591053009 - ubuntu_sso.main - INFO - Ubuntu SSO service started.
2015-10-03 08:00:59,028:28.804063797 - ubuntu_sso.account - INFO - Creating a new SSO access layer for service url u'https://login.ubuntu.com/api/1.0/'
2015-10-03 08:00:59,088:88.9070034027 - ubuntu_sso.credentials - INFO - find_credentials: self.app_name dbus.String(u'Ubuntu One'), result is {}? True
2015-10-03 08:00:59,089:89.0340805054 - ubuntu_sso.main - INFO - 'CredentialsManagement': emitting 'CredentialsNotFound' with args (dbus.String(u'Ubuntu One'),) and kwargs {}
2015-10-03 08:01:09,107:107.820987701 - ubuntu_sso.main - INFO - Shutting down, calling <function shutdown_func at 0x7f87f920e410>.
2015-10-03 08:05:59,531:531.822919846 - ubuntu_sso.utils.translation - WARNING - Translations not found, using null translator.
2015-10-03 08:05:59,541:541.728973389 - ubuntu_sso.main - INFO - Setting up Ubuntu SSO service.
2015-10-03 08:05:59,544:544.312953949 - ubuntu_sso.main - INFO - Ubuntu SSO service started.
2015-10-03 08:05:59,544:544.419050217 - ubuntu_sso.account - INFO - Creating a new SSO access layer for service url u'https://login.ubuntu.com/api/1.0/'
2015-10-03 08:05:59,549:549.887895584 - ubuntu_sso.credentials - INFO - find_credentials: self.app_name dbus.String(u'Ubuntu One'), result is {}? True
2015-10-03 08:05:59,550:550.009965897 - ubuntu_sso.main - INFO - 'CredentialsManagement': emitting 'CredentialsNotFound' with args (dbus.String(u'Ubuntu One'),) and kwargs {}
2015-10-03 08:06:09,559:559.405088425 - ubuntu_sso.main - INFO - Shutting down, calling <function shutdown_func at 0x7f2bdb96e410>.
2015-10-04 17:48:55,998:998.559951782 - ubuntu_sso.utils.translation - WARNING - Translations not found, using null translator.
2015-10-04 17:48:56,127:127.021074295 - ubuntu_sso.main - INFO - Setting up Ubuntu SSO service.
2015-10-04 17:48:56,206:206.538915634 - ubuntu_sso.main - INFO - Ubuntu SSO service started.
2015-10-04 17:48:56,206:206.651926041 - ubuntu_sso.account - INFO - Creating a new SSO access layer for service url u'https://login.ubuntu.com/api/1.0/'
2015-10-04 17:48:56,291:291.836977005 - ubuntu_sso.credentials - INFO - find_credentials: self.app_name dbus.String(u'Ubuntu One'), result is {}? True
2015-10-04 17:48:56,291:291.944026947 - ubuntu_sso.main - INFO - 'CredentialsManagement': emitting 'CredentialsNotFound' with args (dbus.String(u'Ubuntu One'),) and kwargs {}
2015-10-04 17:49:06,326:326.618909836 - ubuntu_sso.main - INFO - Shutting down, calling <function shutdown_func at 0x7f0a163d8410>.
2015-10-04 17:53:56,819:819.025993347 - ubuntu_sso.utils.translation - WARNING - Translations not found, using null translator.
2015-10-04 17:53:56,829:829.091072083 - ubuntu_sso.main - INFO - Setting up Ubuntu SSO service.
2015-10-04 17:53:56,831:831.767082214 - ubuntu_sso.main - INFO - Ubuntu SSO service started.
2015-10-04 17:53:56,831:831.871986389 - ubuntu_sso.account - INFO - Creating a new SSO access layer for service url u'https://login.ubuntu.com/api/1.0/'
2015-10-04 17:53:56,837:837.416887283 - ubuntu_sso.credentials - INFO - find_credentials: self.app_name dbus.String(u'Ubuntu One'), result is {}? True
2015-10-04 17:53:56,837:837.518930435 - ubuntu_sso.main - INFO - 'CredentialsManagement': emitting 'CredentialsNotFound' with args (dbus.String(u'Ubuntu One'),) and kwargs {}
2015-10-04 17:54:06,846:846.896886826 - ubuntu_sso.main - INFO - Shutting down, calling <function shutdown_func at 0x7ffa1fe30410>.
2015-10-04 18:51:55,810:810.688018799 - ubuntu_sso.utils.translation - WARNING - Translations not found, using null translator.
2015-10-04 18:51:55,821:821.204900742 - ubuntu_sso.main - INFO - Setting up Ubuntu SSO service.
2015-10-04 18:51:55,823:823.930025101 - ubuntu_sso.main - INFO - Ubuntu SSO service started.
2015-10-04 18:51:55,824:824.089050293 - ubuntu_sso.account - INFO - Creating a new SSO access layer for service url u'https://login.ubuntu.com/api/1.0/'
2015-10-04 18:51:55,830:830.065965652 - ubuntu_sso.credentials - INFO - find_credentials: self.app_name dbus.String(u'Ubuntu One'), result is {}? True
2015-10-04 18:51:55,830:830.203056335 - ubuntu_sso.main - INFO - 'CredentialsManagement': emitting 'CredentialsNotFound' with args (dbus.String(u'Ubuntu One'),) and kwargs {}
2015-10-04 18:52:05,838:838.850975037 - ubuntu_sso.main - INFO - Shutting down, calling <function shutdown_func at 0x7fc77dab0410>.
2015-10-04 18:56:55,814:814.596891403 - ubuntu_sso.utils.translation - WARNING - Translations not found, using null translator.
2015-10-04 18:56:55,825:825.028896332 - ubuntu_sso.main - INFO - Setting up Ubuntu SSO service.
2015-10-04 18:56:55,827:827.688932419 - ubuntu_sso.main - INFO - Ubuntu SSO service started.
2015-10-04 18:56:55,827:827.824115753 - ubuntu_sso.account - INFO - Creating a new SSO access layer for service url u'https://login.ubuntu.com/api/1.0/'
2015-10-04 18:56:55,833:833.821058273 - ubuntu_sso.credentials - INFO - find_credentials: self.app_name dbus.String(u'Ubuntu One'), result is {}? True
2015-10-04 18:56:55,833:833.950996399 - ubuntu_sso.main - INFO - 'CredentialsManagement': emitting 'CredentialsNotFound' with args (dbus.String(u'Ubuntu One'),) and kwargs {}
2015-10-04 18:57:05,843:843.21808815 - ubuntu_sso.main - INFO - Shutting down, calling <function shutdown_func at 0x7febc8df3410>.
2015-10-04 20:16:03,298:298.324108124 - ubuntu_sso.utils.translation - WARNING - Translations not found, using null translator.
2015-10-04 20:16:03,831:831.207990646 - ubuntu_sso.main - INFO - Setting up Ubuntu SSO service.
2015-10-04 20:16:04,466:466.814041138 - ubuntu_sso.main - INFO - Ubuntu SSO service started.
2015-10-04 20:16:04,466:466.949939728 - ubuntu_sso.account - INFO - Creating a new SSO access layer for service url u'https://login.ubuntu.com/api/1.0/'
2015-10-04 20:16:04,745:745.523929596 - ubuntu_sso.credentials - INFO - find_credentials: self.app_name dbus.String(u'Ubuntu One'), result is {}? True
2015-10-04 20:16:04,745:745.663881302 - ubuntu_sso.main - INFO - 'CredentialsManagement': emitting 'CredentialsNotFound' with args (dbus.String(u'Ubuntu One'),) and kwargs {}
2015-10-04 20:16:14,777:777.020931244 - ubuntu_sso.main - INFO - Shutting down, calling <function shutdown_func at 0x7fbc76f86410>.
2015-10-04 20:21:05,329:329.303026199 - ubuntu_sso.utils.translation - WARNING - Translations not found, using null translator.
2015-10-04 20:21:05,514:514.77599144 - ubuntu_sso.main - INFO - Setting up Ubuntu SSO service.
2015-10-04 20:21:05,669:669.703960419 - ubuntu_sso.main - INFO - Ubuntu SSO service started.
2015-10-04 20:21:05,669:669.82793808 - ubuntu_sso.account - INFO - Creating a new SSO access layer for service url u'https://login.ubuntu.com/api/1.0/'
2015-10-04 20:21:05,704:704.058885574 - ubuntu_sso.credentials - INFO - find_credentials: self.app_name dbus.String(u'Ubuntu One'), result is {}? True
2015-10-04 20:21:05,704:704.170942307 - ubuntu_sso.main - INFO - 'CredentialsManagement': emitting 'CredentialsNotFound' with args (dbus.String(u'Ubuntu One'),) and kwargs {}
2015-10-04 20:21:15,714:714.796066284 - ubuntu_sso.main - INFO - Shutting down, calling <function shutdown_func at 0x7fbdf79e4410>.
2015-10-04 21:31:46,181:181.387901306 - ubuntu_sso.utils.translation - WARNING - Translations not found, using null translator.
2015-10-04 21:31:47,117:117.177009583 - ubuntu_sso.main - INFO - Setting up Ubuntu SSO service.
2015-10-04 21:31:47,367:367.443084717 - ubuntu_sso.main - INFO - Ubuntu SSO service started.
2015-10-04 21:31:47,367:367.574930191 - ubuntu_sso.account - INFO - Creating a new SSO access layer for service url u'https://login.ubuntu.com/api/1.0/'
2015-10-04 21:31:50,854:854.423046112 - ubuntu_sso.credentials - INFO - find_credentials: self.app_name dbus.String(u'Ubuntu One'), result is {}? True
2015-10-04 21:31:50,854:854.563951492 - ubuntu_sso.main - INFO - 'CredentialsManagement': emitting 'CredentialsNotFound' with args (dbus.String(u'Ubuntu One'),) and kwargs {}
2015-10-04 21:32:00,875:875.202894211 - ubuntu_sso.main - INFO - Shutting down, calling <function shutdown_func at 0x7fd311a09410>.
2015-10-04 21:36:53,977:977.777004242 - ubuntu_sso.utils.translation - WARNING - Translations not found, using null translator.
2015-10-04 21:36:54,349:349.191904068 - ubuntu_sso.main - INFO - Setting up Ubuntu SSO service.
2015-10-04 21:36:54,624:624.352931976 - ubuntu_sso.main - INFO - Ubuntu SSO service started.
2015-10-04 21:36:54,624:624.485015869 - ubuntu_sso.account - INFO - Creating a new SSO access layer for service url u'https://login.ubuntu.com/api/1.0/'
2015-10-04 21:36:54,884:884.135961533 - ubuntu_sso.credentials - INFO - find_credentials: self.app_name dbus.String(u'Ubuntu One'), result is {}? True
2015-10-04 21:36:54,884:884.279966354 - ubuntu_sso.main - INFO - 'CredentialsManagement': emitting 'CredentialsNotFound' with args (dbus.String(u'Ubuntu One'),) and kwargs {}
2015-10-04 21:37:04,907:907.196044922 - ubuntu_sso.main - INFO - Shutting down, calling <function shutdown_func at 0x7ff1e047f410>.
